Configuration file: /home/kriebb/git/kriebb.github.io/_config.yml
       cover_banner Plugin loaded.
      YouTubePlugin Loaded youtube.rb plugin.
            Source: /home/kriebb/git/kriebb.github.io
       Destination: /home/kriebb/git/kriebb.github.io/_site
 Incremental build: disabled. Enable with --incremental
      Generating... 
File Read Method 1 - Total Length: 1319
File Read Method 1 - Total Length: 1361
File Read Method 1 - Total Length: 201
File Read Method 1 - Total Length: 196
File Read Method 1 - Total Length: 460
File Read Method 1 - Total Length: 449
File Read Method 1 - Total Length: 4409
File Read Method 1 - Total Length: 4598
File Read Method 1 - Total Length: 301
File Read Method 1 - Total Length: 300
File Read Method 1 - Total Length: 2926
File Read Method 1 - Total Length: 3043
File Read Method 1 - Total Length: 270
File Read Method 1 - Total Length: 280
File Read Method 1 - Total Length: 110
File Read Method 1 - Total Length: 110
File Read Method 1 - Total Length: 4641
File Read Method 1 - Total Length: 5111
File Read Method 1 - Total Length: 2877
File Read Method 1 - Total Length: 1876
File Read Method 1 - Total Length: 1541
File Read Method 1 - Total Length: 1639
File Read Method 1 - Total Length: 208
File Read Method 1 - Total Length: 188
File Read Method 1 - Total Length: 396
File Read Method 1 - Total Length: 439
File Read Method 1 - Total Length: 1319
File Read Method 1 - Total Length: 1361
File Read Method 1 - Total Length: 201
File Read Method 1 - Total Length: 196
File Read Method 1 - Total Length: 460
File Read Method 1 - Total Length: 449
File Read Method 1 - Total Length: 4409
File Read Method 1 - Total Length: 4598
File Read Method 1 - Total Length: 301
File Read Method 1 - Total Length: 300
File Read Method 1 - Total Length: 2926
File Read Method 1 - Total Length: 3043
File Read Method 1 - Total Length: 270
File Read Method 1 - Total Length: 280
File Read Method 1 - Total Length: 110
File Read Method 1 - Total Length: 110
File Read Method 1 - Total Length: 4641
File Read Method 1 - Total Length: 5111
File Read Method 1 - Total Length: 2877
File Read Method 1 - Total Length: 1876
File Read Method 1 - Total Length: 1541
File Read Method 1 - Total Length: 1639
File Read Method 1 - Total Length: 208
File Read Method 1 - Total Length: 188
File Read Method 1 - Total Length: 396
File Read Method 1 - Total Length: 439
       Jekyll Feed: Generating feed for posts
      YouTubePlugin Processing _posts/2022-12-25-devretro2022-my-adventure-in-consultancy.md
       Jekyll Feed: Generating feed for posts
      YouTubePlugin Processing _posts/2022-12-25-devretro2022-my-adventure-in-consultancy.md
      YouTubePlugin Processing _posts/2023-01-01-devretro2022-my-personal-growth-over-2022.md
      YouTubePlugin Processing _posts/2023-01-01-devretro2022-my-personal-growth-over-2022.md
      YouTubePlugin Processing _posts/2023-01-08-my-solicitation-started-at-xpirit-part-of-xebia.md
      YouTubePlugin Processing _posts/2023-01-08-my-solicitation-started-at-xpirit-part-of-xebia.md
      YouTubePlugin Processing _posts/2023-01-15-how-fears-can-make-me-stronger.md
      YouTubePlugin Processing _posts/2023-01-15-how-fears-can-make-me-stronger.md
      YouTubePlugin Processing _posts/2023-01-22-what-i-did-at-xpirit-part-of-xebia-so-far.md
      YouTubePlugin Processing _posts/2023-01-22-what-i-did-at-xpirit-part-of-xebia-so-far.md
      YouTubePlugin Processing _posts/2023-01-29-lets-zoom-in-on-my-first-assignment.md
      YouTubePlugin Processing _posts/2023-01-29-lets-zoom-in-on-my-first-assignment.md
      YouTubePlugin Processing _posts/2023-02-05-oauth2-open-id-connect-accessid_token.md
      YouTubePlugin Processing _posts/2023-02-05-oauth2-open-id-connect-accessid_token.md
      YouTubePlugin Processing _posts/2023-02-12-branching-etiquette.md
      YouTubePlugin Processing _posts/2023-02-12-branching-etiquette.md
      YouTubePlugin Processing _posts/2023-02-19-internal-server-error-an-azure-app-service-tale.md
      YouTubePlugin Processing _posts/2023-02-19-internal-server-error-an-azure-app-service-tale.md
      YouTubePlugin Processing _posts/2023-02-26-how-to-know-if-your-data-is-leaked.md
      YouTubePlugin Processing _posts/2023-02-26-how-to-know-if-your-data-is-leaked.md
      YouTubePlugin Processing _posts/2023-03-05-when-two-factor-authentication-is-useless.md
      YouTubePlugin Processing _posts/2023-03-05-when-two-factor-authentication-is-useless.md
      YouTubePlugin Processing _posts/2023-03-19-the-hidden-dangers-of-json.md
      YouTubePlugin Processing _posts/2023-03-19-the-hidden-dangers-of-json.md
      YouTubePlugin Processing _posts/2023-03-26-the-hidden-dangers-of-jsons-hunger-silenced.md
      YouTubePlugin Processing _posts/2023-03-26-the-hidden-dangers-of-jsons-hunger-silenced.md
      YouTubePlugin Processing _posts/2023-04-02-the-importance-of-unique-emails-enhancing-your-security.md
      YouTubePlugin Processing _posts/2023-04-02-the-importance-of-unique-emails-enhancing-your-security.md
      YouTubePlugin Processing _posts/2023-04-09-an-egg-citing-approach-to-email-privacy.md
      YouTubePlugin Processing _posts/2023-04-09-an-egg-citing-approach-to-email-privacy.md
      YouTubePlugin Processing _posts/2023-04-16-enable-developers-to-generate-safe-and-secure-code.md
      YouTubePlugin Processing _posts/2023-04-16-enable-developers-to-generate-safe-and-secure-code.md
      YouTubePlugin Processing _posts/2023-05-21-advancing-towards-the-az-204-certification-victories-and-hurdles.md
      YouTubePlugin Processing _posts/2023-05-21-advancing-towards-the-az-204-certification-victories-and-hurdles.md
      YouTubePlugin Processing _posts/2023-05-27-once-az-204-is-done-re-engaging-with-my-goals.md
      YouTubePlugin Processing _posts/2023-05-27-once-az-204-is-done-re-engaging-with-my-goals.md
      YouTubePlugin Processing _posts/2023-06-03-configuration-the-tangle-of-layers-sections-and-sources-in-net-6-development.md
      YouTubePlugin Processing _posts/2023-06-03-configuration-the-tangle-of-layers-sections-and-sources-in-net-6-development.md
      YouTubePlugin Processing _posts/2023-06-10-safeguard-your-private-data-programmers-discover-secret-scanning.md
      YouTubePlugin Processing _posts/2023-06-10-safeguard-your-private-data-programmers-discover-secret-scanning.md
      YouTubePlugin Processing _posts/2023-06-17-dive-into-code-unleashing-the-dotnet-6-configuration-management.md
      YouTubePlugin Processing _posts/2023-06-17-dive-into-code-unleashing-the-dotnet-6-configuration-management.md
      YouTubePlugin Processing _posts/2023-06-25-how-to-consume-dot-net-6-configuration-in-your-services-effectively.md
      YouTubePlugin Processing _posts/2023-06-25-how-to-consume-dot-net-6-configuration-in-your-services-effectively.md
      YouTubePlugin Processing _posts/2023-07-02-understanding-the-httpclient-an-overview-with-code.md
      YouTubePlugin Processing _posts/2023-07-02-understanding-the-httpclient-an-overview-with-code.md
      YouTubePlugin Processing _posts/2023-07-09-how-to-read-a-claim-from-a-token-in-dotnet-6.md
      YouTubePlugin Processing _posts/2023-07-09-how-to-read-a-claim-from-a-token-in-dotnet-6.md
      YouTubePlugin Processing _posts/2023-07-16-upgrade-your-client-side-script-approach-in-a-basic-dotnet-aspnet-core-mvc-app.md
      YouTubePlugin Processing _posts/2023-07-16-upgrade-your-client-side-script-approach-in-a-basic-dotnet-aspnet-core-mvc-app.md
      YouTubePlugin Processing _posts/2023-07-22-exploring-aspnet-core-mvc-an-in-depth-look-at-jquery-validate-scripts.md
      YouTubePlugin Processing _posts/2023-07-22-exploring-aspnet-core-mvc-an-in-depth-look-at-jquery-validate-scripts.md
      YouTubePlugin Processing _posts/2024-05-05-signature-validation-required-microsoft-says-no.md
      YouTubePlugin Processing _posts/2024-05-05-signature-validation-required-microsoft-says-no.md
      YouTubePlugin Processing _posts/2024-10-12-tamperproof-http-requests.md
      YouTubePlugin Processing _posts/2024-10-12-tamperproof-http-requests.md
      YouTubePlugin Processing _posts/2024-11-11-introduction-to-my-certified-ethical-hacker-ceh-journey.md
      YouTubePlugin Processing _posts/2024-11-11-introduction-to-my-certified-ethical-hacker-ceh-journey.md
      YouTubePlugin Processing content/pages/about.en.md
      YouTubePlugin Processing content/pages/about.en.md
      YouTubePlugin Processing content/pages/about.nl.md
      YouTubePlugin Processing content/pages/about.nl.md
      YouTubePlugin Processing content/pages/blog.en.md
      YouTubePlugin Processing content/pages/blog.nl.md
      YouTubePlugin Processing content/pages/contact.nl.md
      YouTubePlugin Processing content/pages/contact.en.md
      YouTubePlugin Processing content/pages/cookies.nl.md
      YouTubePlugin Processing content/pages/cookies.en.md
      YouTubePlugin Processing content/pages/index.nl.md
      YouTubePlugin Processing content/pages/index.en.md
      YouTubePlugin Processing content/pages/mission-vision.en.md
      YouTubePlugin Processing content/pages/mission-vision.nl.md
      YouTubePlugin Processing content/pages/one-pager.en.md
      YouTubePlugin Processing content/pages/one-pager.nl.md
      YouTubePlugin Processing content/pages/print-resume.nl.md
      YouTubePlugin Processing content/pages/mission-vision.en.md
      YouTubePlugin Processing content/pages/mission-vision.nl.md
      YouTubePlugin Processing content/pages/one-pager.en.md
      YouTubePlugin Processing content/pages/privacy-policy.en.md
      YouTubePlugin Processing content/pages/one-pager.nl.md
      YouTubePlugin Processing content/pages/print-resume.en.md
      YouTubePlugin Processing content/pages/privacy-policy.nl.md
      YouTubePlugin Processing content/pages/resume.en.md
      YouTubePlugin Processing content/pages/privacy-policy.en.md
      YouTubePlugin Processing content/pages/privacy-policy.nl.md
      YouTubePlugin Processing content/pages/resume.nl.md
      YouTubePlugin Processing content/pages/resume.en.md
      YouTubePlugin Processing content/pages/resume.nl.md
      YouTubePlugin Processing content/pages/services.en.md
      YouTubePlugin Processing content/pages/services.en.md
      YouTubePlugin Processing content/pages/services.nl.md
      YouTubePlugin Processing content/pages/services.nl.md
      YouTubePlugin Processing content/pages/thank-you.en.md
      YouTubePlugin Processing content/pages/thank-you.en.md
      YouTubePlugin Processing content/pages/thank-you.nl.md
      YouTubePlugin Processing content/pages/thank-you.nl.md
      YouTubePlugin Processing content/pages/work-experience.en.md
      YouTubePlugin Processing content/pages/work-experience.en.md
      YouTubePlugin Processing content/pages/work-experience.nl.md
      YouTubePlugin Processing content/pages/work-experience.nl.md
                    done in 3.21 seconds.
 Auto-regeneration: disabled when running server detached.
    Server address: http://0.0.0.0:4005/
Server detached with pid '64337'. Run `pkill -f jekyll' or `kill -9 64337' to stop the server.
[2025-12-08 19:44:52] FATAL SignalException: SIGHUP
	/home/kriebb/git/kriebb.github.io/vendor/bundle/ruby/3.4.0/gems/webrick-1.9.2/lib/webrick/server.rb:173:in 'IO.select'
	/home/kriebb/git/kriebb.github.io/vendor/bundle/ruby/3.4.0/gems/webrick-1.9.2/lib/webrick/server.rb:173:in 'block in WEBrick::GenericServer#start'
	/home/kriebb/git/kriebb.github.io/vendor/bundle/ruby/3.4.0/gems/webrick-1.9.2/lib/webrick/server.rb:32:in 'WEBrick::SimpleServer.start'
	/home/kriebb/git/kriebb.github.io/vendor/bundle/ruby/3.4.0/gems/webrick-1.9.2/lib/webrick/server.rb:160:in 'WEBrick::GenericServer#start'
	/home/kriebb/git/kriebb.github.io/vendor/bundle/ruby/3.4.0/gems/jekyll-4.3.4/lib/jekyll/commands/serve.rb:277:in 'block in Jekyll::Commands::Serve.boot_or_detach'
	/home/kriebb/git/kriebb.github.io/vendor/bundle/ruby/3.4.0/gems/jekyll-4.3.4/lib/jekyll/commands/serve.rb:276:in 'Process.fork'
	/home/kriebb/git/kriebb.github.io/vendor/bundle/ruby/3.4.0/gems/jekyll-4.3.4/lib/jekyll/commands/serve.rb:276:in 'Jekyll::Commands::Serve.boot_or_detach'
	/home/kriebb/git/kriebb.github.io/vendor/bundle/ruby/3.4.0/gems/jekyll-4.3.4/lib/jekyll/commands/serve.rb:223:in 'Jekyll::Commands::Serve.start_up_webrick'
	/home/kriebb/git/kriebb.github.io/vendor/bundle/ruby/3.4.0/gems/jekyll-4.3.4/lib/jekyll/commands/serve.rb:102:in 'Jekyll::Commands::Serve.process'
	/home/kriebb/git/kriebb.github.io/vendor/bundle/ruby/3.4.0/gems/jekyll-4.3.4/lib/jekyll/command.rb:91:in 'block in Jekyll::Command.process_with_graceful_fail'
	/home/kriebb/git/kriebb.github.io/vendor/bundle/ruby/3.4.0/gems/jekyll-4.3.4/lib/jekyll/command.rb:91:in 'Array#each'
	/home/kriebb/git/kriebb.github.io/vendor/bundle/ruby/3.4.0/gems/jekyll-4.3.4/lib/jekyll/command.rb:91:in 'Jekyll::Command.process_with_graceful_fail'
	/home/kriebb/git/kriebb.github.io/vendor/bundle/ruby/3.4.0/gems/jekyll-4.3.4/lib/jekyll/commands/serve.rb:86:in 'block (2 levels) in Jekyll::Commands::Serve.init_with_program'
	/home/kriebb/git/kriebb.github.io/vendor/bundle/ruby/3.4.0/gems/mercenary-0.4.0/lib/mercenary/command.rb:221:in 'block in Mercenary::Command#execute'
	/home/kriebb/git/kriebb.github.io/vendor/bundle/ruby/3.4.0/gems/mercenary-0.4.0/lib/mercenary/command.rb:221:in 'Array#each'
	/home/kriebb/git/kriebb.github.io/vendor/bundle/ruby/3.4.0/gems/mercenary-0.4.0/lib/mercenary/command.rb:221:in 'Mercenary::Command#execute'
	/home/kriebb/git/kriebb.github.io/vendor/bundle/ruby/3.4.0/gems/mercenary-0.4.0/lib/mercenary/program.rb:44:in 'Mercenary::Program#go'
	/home/kriebb/git/kriebb.github.io/vendor/bundle/ruby/3.4.0/gems/mercenary-0.4.0/lib/mercenary.rb:21:in 'Mercenary.program'
	/home/kriebb/git/kriebb.github.io/vendor/bundle/ruby/3.4.0/gems/jekyll-4.3.4/exe/jekyll:15:in '<top (required)>'
	/home/kriebb/git/kriebb.github.io/vendor/bundle/ruby/3.4.0/bin/jekyll:25:in 'Kernel#load'
	/home/kriebb/git/kriebb.github.io/vendor/bundle/ruby/3.4.0/bin/jekyll:25:in '<main>'
